  Chess-Bot-Project.cpp
c:\users\topia\onedrive\asiakirjat\github\chess-bot\chess-bot-solution\chess-bot-project\chesspiece.h(30): error C2065: 'Move': undeclared identifier
c:\users\topia\onedrive\asiakirjat\github\chess-bot\chess-bot-solution\chess-bot-project\chesspiece.h(30): error C2923: 'std::list': 'Move' is not a valid template type argument for parameter '_Ty'
c:\users\topia\onedrive\asiakirjat\github\chess-bot\chess-bot-solution\chess-bot-project\chesspiece.h(30): error C2903: 'allocator': symbol is neither a class template nor a function template
c:\users\topia\onedrive\asiakirjat\github\chess-bot\chess-bot-solution\chess-bot-project\chesspiece.h(30): error C3203: 'allocator': unspecialized class template can't be used as a template argument for template parameter '_Alloc', expected a real type
c:\users\topia\onedrive\asiakirjat\github\chess-bot\chess-bot-solution\chess-bot-project\chesspiece.h(31): error C2061: syntax error: identifier 'Tile'
  ChessPiece.cpp
c:\users\topia\onedrive\asiakirjat\github\chess-bot\chess-bot-solution\chess-bot-project\position.h(10): error C2143: syntax error: missing ';' before '*'
c:\users\topia\onedrive\asiakirjat\github\chess-bot\chess-bot-solution\chess-bot-project\position.h(10): error C4430: missing type specifier - int assumed. Note: C++ does not support default-int
c:\users\topia\onedrive\asiakirjat\github\chess-bot\chess-bot-solution\chess-bot-project\position.h(10): error C2238: unexpected token(s) preceding ';'
  Position.cpp
c:\users\topia\onedrive\asiakirjat\github\chess-bot\chess-bot-solution\chess-bot-project\chesspiece.h(30): error C2065: 'Move': undeclared identifier
c:\users\topia\onedrive\asiakirjat\github\chess-bot\chess-bot-solution\chess-bot-project\chesspiece.h(30): error C2923: 'std::list': 'Move' is not a valid template type argument for parameter '_Ty'
c:\users\topia\onedrive\asiakirjat\github\chess-bot\chess-bot-solution\chess-bot-project\chesspiece.h(30): error C2903: 'allocator': symbol is neither a class template nor a function template
c:\users\topia\onedrive\asiakirjat\github\chess-bot\chess-bot-solution\chess-bot-project\chesspiece.h(30): error C3203: 'allocator': unspecialized class template can't be used as a template argument for template parameter '_Alloc', expected a real type
c:\users\topia\onedrive\asiakirjat\github\chess-bot\chess-bot-solution\chess-bot-project\chesspiece.h(31): error C2061: syntax error: identifier 'Tile'
c:\users\topia\onedrive\asiakirjat\github\chess-bot\chess-bot-solution\chess-bot-project\position.cpp(6): error C2259: 'ChessPiece': cannot instantiate abstract class
  c:\users\topia\onedrive\asiakirjat\github\chess-bot\chess-bot-solution\chess-bot-project\position.cpp(6): note: due to following members:
  c:\users\topia\onedrive\asiakirjat\github\chess-bot\chess-bot-solution\chess-bot-project\position.cpp(6): note: 'void ChessPiece::getMoves(std::list &)': is abstract
  c:\users\topia\onedrive\asiakirjat\github\chess-bot\chess-bot-solution\chess-bot-project\chesspiece.h(29): note: see declaration of 'ChessPiece::getMoves'
c:\users\topia\onedrive\asiakirjat\github\chess-bot\chess-bot-solution\chess-bot-project\position.cpp(7): error C2259: 'ChessPiece': cannot instantiate abstract class
  c:\users\topia\onedrive\asiakirjat\github\chess-bot\chess-bot-solution\chess-bot-project\position.cpp(7): note: due to following members:
  c:\users\topia\onedrive\asiakirjat\github\chess-bot\chess-bot-solution\chess-bot-project\position.cpp(7): note: 'void ChessPiece::getMoves(std::list &)': is abstract
  c:\users\topia\onedrive\asiakirjat\github\chess-bot\chess-bot-solution\chess-bot-project\chesspiece.h(29): note: see declaration of 'ChessPiece::getMoves'
c:\users\topia\onedrive\asiakirjat\github\chess-bot\chess-bot-solution\chess-bot-project\position.cpp(8): error C2259: 'ChessPiece': cannot instantiate abstract class
  c:\users\topia\onedrive\asiakirjat\github\chess-bot\chess-bot-solution\chess-bot-project\position.cpp(8): note: due to following members:
  c:\users\topia\onedrive\asiakirjat\github\chess-bot\chess-bot-solution\chess-bot-project\position.cpp(8): note: 'void ChessPiece::getMoves(std::list &)': is abstract
  c:\users\topia\onedrive\asiakirjat\github\chess-bot\chess-bot-solution\chess-bot-project\chesspiece.h(29): note: see declaration of 'ChessPiece::getMoves'
c:\users\topia\onedrive\asiakirjat\github\chess-bot\chess-bot-solution\chess-bot-project\position.cpp(9): error C2259: 'ChessPiece': cannot instantiate abstract class
  c:\users\topia\onedrive\asiakirjat\github\chess-bot\chess-bot-solution\chess-bot-project\position.cpp(9): note: due to following members:
  c:\users\topia\onedrive\asiakirjat\github\chess-bot\chess-bot-solution\chess-bot-project\position.cpp(9): note: 'void ChessPiece::getMoves(std::list &)': is abstract
  c:\users\topia\onedrive\asiakirjat\github\chess-bot\chess-bot-solution\chess-bot-project\chesspiece.h(29): note: see declaration of 'ChessPiece::getMoves'
c:\users\topia\onedrive\asiakirjat\github\chess-bot\chess-bot-solution\chess-bot-project\position.cpp(10): error C2259: 'ChessPiece': cannot instantiate abstract class
  c:\users\topia\onedrive\asiakirjat\github\chess-bot\chess-bot-solution\chess-bot-project\position.cpp(10): note: due to following members:
  c:\users\topia\onedrive\asiakirjat\github\chess-bot\chess-bot-solution\chess-bot-project\position.cpp(10): note: 'void ChessPiece::getMoves(std::list &)': is abstract
  c:\users\topia\onedrive\asiakirjat\github\chess-bot\chess-bot-solution\chess-bot-project\chesspiece.h(29): note: see declaration of 'ChessPiece::getMoves'
c:\users\topia\onedrive\asiakirjat\github\chess-bot\chess-bot-solution\chess-bot-project\position.cpp(11): error C2259: 'ChessPiece': cannot instantiate abstract class
  c:\users\topia\onedrive\asiakirjat\github\chess-bot\chess-bot-solution\chess-bot-project\position.cpp(11): note: due to following members:
  c:\users\topia\onedrive\asiakirjat\github\chess-bot\chess-bot-solution\chess-bot-project\position.cpp(11): note: 'void ChessPiece::getMoves(std::list &)': is abstract
  c:\users\topia\onedrive\asiakirjat\github\chess-bot\chess-bot-solution\chess-bot-project\chesspiece.h(29): note: see declaration of 'ChessPiece::getMoves'
c:\users\topia\onedrive\asiakirjat\github\chess-bot\chess-bot-solution\chess-bot-project\position.cpp(12): error C2259: 'ChessPiece': cannot instantiate abstract class
  c:\users\topia\onedrive\asiakirjat\github\chess-bot\chess-bot-solution\chess-bot-project\position.cpp(12): note: due to following members:
  c:\users\topia\onedrive\asiakirjat\github\chess-bot\chess-bot-solution\chess-bot-project\position.cpp(12): note: 'void ChessPiece::getMoves(std::list &)': is abstract
  c:\users\topia\onedrive\asiakirjat\github\chess-bot\chess-bot-solution\chess-bot-project\chesspiece.h(29): note: see declaration of 'ChessPiece::getMoves'
c:\users\topia\onedrive\asiakirjat\github\chess-bot\chess-bot-solution\chess-bot-project\position.cpp(13): error C2259: 'ChessPiece': cannot instantiate abstract class
  c:\users\topia\onedrive\asiakirjat\github\chess-bot\chess-bot-solution\chess-bot-project\position.cpp(13): note: due to following members:
  c:\users\topia\onedrive\asiakirjat\github\chess-bot\chess-bot-solution\chess-bot-project\position.cpp(13): note: 'void ChessPiece::getMoves(std::list &)': is abstract
  c:\users\topia\onedrive\asiakirjat\github\chess-bot\chess-bot-solution\chess-bot-project\chesspiece.h(29): note: see declaration of 'ChessPiece::getMoves'
c:\users\topia\onedrive\asiakirjat\github\chess-bot\chess-bot-solution\chess-bot-project\position.cpp(17): error C2259: 'ChessPiece': cannot instantiate abstract class
  c:\users\topia\onedrive\asiakirjat\github\chess-bot\chess-bot-solution\chess-bot-project\position.cpp(17): note: due to following members:
  c:\users\topia\onedrive\asiakirjat\github\chess-bot\chess-bot-solution\chess-bot-project\position.cpp(17): note: 'void ChessPiece::getMoves(std::list &)': is abstract
  c:\users\topia\onedrive\asiakirjat\github\chess-bot\chess-bot-solution\chess-bot-project\chesspiece.h(29): note: see declaration of 'ChessPiece::getMoves'
c:\users\topia\onedrive\asiakirjat\github\chess-bot\chess-bot-solution\chess-bot-project\position.cpp(32): error C2259: 'ChessPiece': cannot instantiate abstract class
  c:\users\topia\onedrive\asiakirjat\github\chess-bot\chess-bot-solution\chess-bot-project\position.cpp(32): note: due to following members:
  c:\users\topia\onedrive\asiakirjat\github\chess-bot\chess-bot-solution\chess-bot-project\position.cpp(32): note: 'void ChessPiece::getMoves(std::list &)': is abstract
  c:\users\topia\onedrive\asiakirjat\github\chess-bot\chess-bot-solution\chess-bot-project\chesspiece.h(29): note: see declaration of 'ChessPiece::getMoves'
c:\users\topia\onedrive\asiakirjat\github\chess-bot\chess-bot-solution\chess-bot-project\position.cpp(35): error C2259: 'ChessPiece': cannot instantiate abstract class
  c:\users\topia\onedrive\asiakirjat\github\chess-bot\chess-bot-solution\chess-bot-project\position.cpp(35): note: due to following members:
  c:\users\topia\onedrive\asiakirjat\github\chess-bot\chess-bot-solution\chess-bot-project\position.cpp(35): note: 'void ChessPiece::getMoves(std::list &)': is abstract
  c:\users\topia\onedrive\asiakirjat\github\chess-bot\chess-bot-solution\chess-bot-project\chesspiece.h(29): note: see declaration of 'ChessPiece::getMoves'
c:\users\topia\onedrive\asiakirjat\github\chess-bot\chess-bot-solution\chess-bot-project\position.cpp(36): error C2259: 'ChessPiece': cannot instantiate abstract class
  c:\users\topia\onedrive\asiakirjat\github\chess-bot\chess-bot-solution\chess-bot-project\position.cpp(36): note: due to following members:
  c:\users\topia\onedrive\asiakirjat\github\chess-bot\chess-bot-solution\chess-bot-project\position.cpp(36): note: 'void ChessPiece::getMoves(std::list &)': is abstract
  c:\users\topia\onedrive\asiakirjat\github\chess-bot\chess-bot-solution\chess-bot-project\chesspiece.h(29): note: see declaration of 'ChessPiece::getMoves'
c:\users\topia\onedrive\asiakirjat\github\chess-bot\chess-bot-solution\chess-bot-project\position.cpp(37): error C2259: 'ChessPiece': cannot instantiate abstract class
  c:\users\topia\onedrive\asiakirjat\github\chess-bot\chess-bot-solution\chess-bot-project\position.cpp(37): note: due to following members:
  c:\users\topia\onedrive\asiakirjat\github\chess-bot\chess-bot-solution\chess-bot-project\position.cpp(37): note: 'void ChessPiece::getMoves(std::list &)': is abstract
  c:\users\topia\onedrive\asiakirjat\github\chess-bot\chess-bot-solution\chess-bot-project\chesspiece.h(29): note: see declaration of 'ChessPiece::getMoves'
c:\users\topia\onedrive\asiakirjat\github\chess-bot\chess-bot-solution\chess-bot-project\position.cpp(38): error C2259: 'ChessPiece': cannot instantiate abstract class
  c:\users\topia\onedrive\asiakirjat\github\chess-bot\chess-bot-solution\chess-bot-project\position.cpp(38): note: due to following members:
  c:\users\topia\onedrive\asiakirjat\github\chess-bot\chess-bot-solution\chess-bot-project\position.cpp(38): note: 'void ChessPiece::getMoves(std::list &)': is abstract
  c:\users\topia\onedrive\asiakirjat\github\chess-bot\chess-bot-solution\chess-bot-project\chesspiece.h(29): note: see declaration of 'ChessPiece::getMoves'
c:\users\topia\onedrive\asiakirjat\github\chess-bot\chess-bot-solution\chess-bot-project\position.cpp(39): error C2259: 'ChessPiece': cannot instantiate abstract class
  c:\users\topia\onedrive\asiakirjat\github\chess-bot\chess-bot-solution\chess-bot-project\position.cpp(39): note: due to following members:
  c:\users\topia\onedrive\asiakirjat\github\chess-bot\chess-bot-solution\chess-bot-project\position.cpp(39): note: 'void ChessPiece::getMoves(std::list &)': is abstract
  c:\users\topia\onedrive\asiakirjat\github\chess-bot\chess-bot-solution\chess-bot-project\chesspiece.h(29): note: see declaration of 'ChessPiece::getMoves'
c:\users\topia\onedrive\asiakirjat\github\chess-bot\chess-bot-solution\chess-bot-project\position.cpp(40): error C2259: 'ChessPiece': cannot instantiate abstract class
  c:\users\topia\onedrive\asiakirjat\github\chess-bot\chess-bot-solution\chess-bot-project\position.cpp(40): note: due to following members:
  c:\users\topia\onedrive\asiakirjat\github\chess-bot\chess-bot-solution\chess-bot-project\position.cpp(40): note: 'void ChessPiece::getMoves(std::list &)': is abstract
  c:\users\topia\onedrive\asiakirjat\github\chess-bot\chess-bot-solution\chess-bot-project\chesspiece.h(29): note: see declaration of 'ChessPiece::getMoves'
c:\users\topia\onedrive\asiakirjat\github\chess-bot\chess-bot-solution\chess-bot-project\position.cpp(41): error C2259: 'ChessPiece': cannot instantiate abstract class
  c:\users\topia\onedrive\asiakirjat\github\chess-bot\chess-bot-solution\chess-bot-project\position.cpp(41): note: due to following members:
  c:\users\topia\onedrive\asiakirjat\github\chess-bot\chess-bot-solution\chess-bot-project\position.cpp(41): note: 'void ChessPiece::getMoves(std::list &)': is abstract
  c:\users\topia\onedrive\asiakirjat\github\chess-bot\chess-bot-solution\chess-bot-project\chesspiece.h(29): note: see declaration of 'ChessPiece::getMoves'
c:\users\topia\onedrive\asiakirjat\github\chess-bot\chess-bot-solution\chess-bot-project\position.cpp(42): error C2259: 'ChessPiece': cannot instantiate abstract class
  c:\users\topia\onedrive\asiakirjat\github\chess-bot\chess-bot-solution\chess-bot-project\position.cpp(42): note: due to following members:
  c:\users\topia\onedrive\asiakirjat\github\chess-bot\chess-bot-solution\chess-bot-project\position.cpp(42): note: 'void ChessPiece::getMoves(std::list &)': is abstract
  c:\users\topia\onedrive\asiakirjat\github\chess-bot\chess-bot-solution\chess-bot-project\chesspiece.h(29): note: see declaration of 'ChessPiece::getMoves'
c:\users\topia\onedrive\asiakirjat\github\chess-bot\chess-bot-solution\chess-bot-project\position.cpp(151): error C2660: 'ChessPiece::getMoves': function does not take 4 arguments
  c:\users\topia\onedrive\asiakirjat\github\chess-bot\chess-bot-solution\chess-bot-project\chesspiece.h(29): note: see declaration of 'ChessPiece::getMoves'
  UI.cpp
c:\users\topia\onedrive\asiakirjat\github\chess-bot\chess-bot-solution\chess-bot-project\chesspiece.h(30): error C2065: 'Move': undeclared identifier
c:\users\topia\onedrive\asiakirjat\github\chess-bot\chess-bot-solution\chess-bot-project\chesspiece.h(30): error C2923: 'std::list': 'Move' is not a valid template type argument for parameter '_Ty'
c:\users\topia\onedrive\asiakirjat\github\chess-bot\chess-bot-solution\chess-bot-project\chesspiece.h(30): error C2903: 'allocator': symbol is neither a class template nor a function template
c:\users\topia\onedrive\asiakirjat\github\chess-bot\chess-bot-solution\chess-bot-project\chesspiece.h(30): error C3203: 'allocator': unspecialized class template can't be used as a template argument for template parameter '_Alloc', expected a real type
c:\users\topia\onedrive\asiakirjat\github\chess-bot\chess-bot-solution\chess-bot-project\chesspiece.h(31): error C2061: syntax error: identifier 'Tile'
  Generating Code...
