c:\users\topia\documents\chessbot\chess-bot\chess-bot-solution\chess-bot-project\x64\debug\chess-bot-project.nativecodeanalysis.xml
c:\users\topia\documents\chessbot\chess-bot\chess-bot-solution\chess-bot-project\x64\debug\chesspiece.nativecodeanalysis.xml
c:\users\topia\documents\chessbot\chess-bot\chess-bot-solution\chess-bot-project\x64\debug\minmaxreturn.nativecodeanalysis.xml
c:\users\topia\documents\chessbot\chess-bot\chess-bot-solution\chess-bot-project\x64\debug\move.nativecodeanalysis.xml
c:\users\topia\documents\chessbot\chess-bot\chess-bot-solution\chess-bot-project\x64\debug\movestack.nativecodeanalysis.xml
c:\users\topia\documents\chessbot\chess-bot\chess-bot-solution\chess-bot-project\x64\debug\position.nativecodeanalysis.xml
c:\users\topia\documents\chessbot\chess-bot\chess-bot-solution\chess-bot-project\x64\debug\positionstack.nativecodeanalysis.xml
c:\users\topia\documents\chessbot\chess-bot\chess-bot-solution\chess-bot-project\x64\debug\tile.nativecodeanalysis.xml
c:\users\topia\documents\chessbot\chess-bot\chess-bot-solution\chess-bot-project\x64\debug\ui.nativecodeanalysis.xml
c:\users\topia\documents\chessbot\chess-bot\chess-bot-solution\chess-bot-project\x64\debug\vc141.pdb
c:\users\topia\documents\chessbot\chess-bot\chess-bot-solution\chess-bot-project\x64\debug\vc141.idb
c:\users\topia\documents\chessbot\chess-bot\chess-bot-solution\chess-bot-project\x64\debug\ui.obj
c:\users\topia\documents\chessbot\chess-bot\chess-bot-solution\chess-bot-project\x64\debug\tile.obj
c:\users\topia\documents\chessbot\chess-bot\chess-bot-solution\chess-bot-project\x64\debug\positionstack.obj
c:\users\topia\documents\chessbot\chess-bot\chess-bot-solution\chess-bot-project\x64\debug\position.obj
c:\users\topia\documents\chessbot\chess-bot\chess-bot-solution\chess-bot-project\x64\debug\movestack.obj
c:\users\topia\documents\chessbot\chess-bot\chess-bot-solution\chess-bot-project\x64\debug\move.obj
c:\users\topia\documents\chessbot\chess-bot\chess-bot-solution\chess-bot-project\x64\debug\minmaxreturn.obj
c:\users\topia\documents\chessbot\chess-bot\chess-bot-solution\chess-bot-project\x64\debug\chesspiece.obj
c:\users\topia\documents\chessbot\chess-bot\chess-bot-solution\chess-bot-project\x64\debug\chess-bot-project.obj
c:\users\topia\documents\chessbot\chess-bot\chess-bot-solution\x64\debug\chess-bot-project.ilk
c:\users\topia\documents\chessbot\chess-bot\chess-bot-solution\x64\debug\chess-bot-project.exe
c:\users\topia\documents\chessbot\chess-bot\chess-bot-solution\x64\debug\chess-bot-project.pdb
c:\users\topia\documents\chessbot\chess-bot\chess-bot-solution\chess-bot-project\x64\debug\nativecodeanalysis.read.1.tlog
c:\users\topia\documents\chessbot\chess-bot\chess-bot-solution\chess-bot-project\x64\debug\vc.nativecodeanalysis.all.xml
c:\users\topia\documents\chessbot\chess-bot\chess-bot-solution\x64\debug\chess-bot-project.exe.lastcodeanalysissucceeded
c:\users\topia\documents\chessbot\chess-bot\chess-bot-solution\chess-bot-project\x64\debug\chess-bo.9eae02f5.tlog\cl.command.1.tlog
c:\users\topia\documents\chessbot\chess-bot\chess-bot-solution\chess-bot-project\x64\debug\chess-bo.9eae02f5.tlog\cl.read.1.tlog
c:\users\topia\documents\chessbot\chess-bot\chess-bot-solution\chess-bot-project\x64\debug\chess-bo.9eae02f5.tlog\cl.write.1.tlog
c:\users\topia\documents\chessbot\chess-bot\chess-bot-solution\chess-bot-project\x64\debug\chess-bo.9eae02f5.tlog\link.command.1.tlog
c:\users\topia\documents\chessbot\chess-bot\chess-bot-solution\chess-bot-project\x64\debug\chess-bo.9eae02f5.tlog\link.read.1.tlog
c:\users\topia\documents\chessbot\chess-bot\chess-bot-solution\chess-bot-project\x64\debug\chess-bo.9eae02f5.tlog\link.write.1.tlog
